-------------------  Seoho Blade Drive Program.pjt - Debug  -------------------
[abic.c] "C:\CCStudio_v3.3\C2000\cgtools\bin\cl2000" -gt -pdsw225 -fr"C:/Seoho Blade Drive Program_110721_choi/Debug" -i"C:/Seoho Blade Drive Program_110721_choi/lib" -i"C:/Seoho Blade Drive Program_110721_choi/include/Seoho include" -i"C:/Seoho Blade Drive Program_110721_choi/include/TI include" -d"_DEBUG" -d"LARGE_MODEL" -ml -v28 --float_support=fpu32 -@"../../Debug.lkf" "abic.c"
"abic.c", line 198: warning: variable "abRequest" was declared but never referenced
"abic.c", line 199: warning: variable "abResponse" was declared but never referenced

[All_Interrupt.c] "C:\CCStudio_v3.3\C2000\cgtools\bin\cl2000" -gt -pdsw225 -fr"C:/Seoho Blade Drive Program_110721_choi/Debug" -i"C:/Seoho Blade Drive Program_110721_choi/lib" -i"C:/Seoho Blade Drive Program_110721_choi/include/Seoho include" -i"C:/Seoho Blade Drive Program_110721_choi/include/TI include" -d"_DEBUG" -d"LARGE_MODEL" -ml -v28 --float_support=fpu32 -@"../../Debug.lkf" "All_Interrupt.c"
"All_Interrupt.c", line 102: warning: variable "Flag_DB" was set but never used
"All_Interrupt.c", line 102: warning: variable "Flag_DS" was set but never used
"All_Interrupt.c", line 102: warning: variable "Flag_HF" was set but never used
"All_Interrupt.c", line 102: warning: variable "Flag_OT" was set but never used
"All_Interrupt.c", line 103: warning: variable "Flag_IC" was set but never used
"All_Interrupt.c", line 103: warning: variable "Flag_OM" was set but never used
"All_Interrupt.c", line 103: warning: variable "Flag_OS" was set but never used
"All_Interrupt.c", line 103: warning: variable "Flag_UV" was set but never used
"All_Interrupt.c", line 385: warning: variable "cdata1" was declared but never referenced
"All_Interrupt.c", line 386: warning: variable "cdata2" was declared but never referenced

[All_Main.c] "C:\CCStudio_v3.3\C2000\cgtools\bin\cl2000" -gt -pdsw225 -fr"C:/Seoho Blade Drive Program_110721_choi/Debug" -i"C:/Seoho Blade Drive Program_110721_choi/lib" -i"C:/Seoho Blade Drive Program_110721_choi/include/Seoho include" -i"C:/Seoho Blade Drive Program_110721_choi/include/TI include" -d"_DEBUG" -d"LARGE_MODEL" -ml -v28 --float_support=fpu32 -@"../../Debug.lkf" "All_Main.c"

[Core_ADC_DAC_PWM.c] "C:\CCStudio_v3.3\C2000\cgtools\bin\cl2000" -gt -pdsw225 -fr"C:/Seoho Blade Drive Program_110721_choi/Debug" -i"C:/Seoho Blade Drive Program_110721_choi/lib" -i"C:/Seoho Blade Drive Program_110721_choi/include/Seoho include" -i"C:/Seoho Blade Drive Program_110721_choi/include/TI include" -d"_DEBUG" -d"LARGE_MODEL" -ml -v28 --float_support=fpu32 -@"../../Debug.lkf" "Core_ADC_DAC_PWM.c"

[Core_Auto_Tuning.c] "C:\CCStudio_v3.3\C2000\cgtools\bin\cl2000" -gt -pdsw225 -fr"C:/Seoho Blade Drive Program_110721_choi/Debug" -i"C:/Seoho Blade Drive Program_110721_choi/lib" -i"C:/Seoho Blade Drive Program_110721_choi/include/Seoho include" -i"C:/Seoho Blade Drive Program_110721_choi/include/TI include" -d"_DEBUG" -d"LARGE_MODEL" -ml -v28 --float_support=fpu32 -@"../../Debug.lkf" "Core_Auto_Tuning.c"

[Core_Common_Module.c] "C:\CCStudio_v3.3\C2000\cgtools\bin\cl2000" -gt -pdsw225 -fr"C:/Seoho Blade Drive Program_110721_choi/Debug" -i"C:/Seoho Blade Drive Program_110721_choi/lib" -i"C:/Seoho Blade Drive Program_110721_choi/include/Seoho include" -i"C:/Seoho Blade Drive Program_110721_choi/include/TI include" -d"_DEBUG" -d"LARGE_MODEL" -ml -v28 --float_support=fpu32 -@"../../Debug.lkf" "Core_Common_Module.c"

[Core_Gpio_Xintf_Set.c] "C:\CCStudio_v3.3\C2000\cgtools\bin\cl2000" -gt -pdsw225 -fr"C:/Seoho Blade Drive Program_110721_choi/Debug" -i"C:/Seoho Blade Drive Program_110721_choi/lib" -i"C:/Seoho Blade Drive Program_110721_choi/include/Seoho include" -i"C:/Seoho Blade Drive Program_110721_choi/include/TI include" -d"_DEBUG" -d"LARGE_MODEL" -ml -v28 --float_support=fpu32 -@"../../Debug.lkf" "Core_Gpio_Xintf_Set.c"

[Core_I2C_EEPROM.c] "C:\CCStudio_v3.3\C2000\cgtools\bin\cl2000" -gt -pdsw225 -fr"C:/Seoho Blade Drive Program_110721_choi/Debug" -i"C:/Seoho Blade Drive Program_110721_choi/lib" -i"C:/Seoho Blade Drive Program_110721_choi/include/Seoho include" -i"C:/Seoho Blade Drive Program_110721_choi/include/TI include" -d"_DEBUG" -d"LARGE_MODEL" -ml -v28 --float_support=fpu32 -@"../../Debug.lkf" "Core_I2C_EEPROM.c"

[Core_I2C_RTC.c] "C:\CCStudio_v3.3\C2000\cgtools\bin\cl2000" -gt -pdsw225 -fr"C:/Seoho Blade Drive Program_110721_choi/Debug" -i"C:/Seoho Blade Drive Program_110721_choi/lib" -i"C:/Seoho Blade Drive Program_110721_choi/include/Seoho include" -i"C:/Seoho Blade Drive Program_110721_choi/include/TI include" -d"_DEBUG" -d"LARGE_MODEL" -ml -v28 --float_support=fpu32 -@"../../Debug.lkf" "Core_I2C_RTC.c"

[Core_RealSys_2833x.c] "C:\CCStudio_v3.3\C2000\cgtools\bin\cl2000" -gt -pdsw225 -fr"C:/Seoho Blade Drive Program_110721_choi/Debug" -i"C:/Seoho Blade Drive Program_110721_choi/lib" -i"C:/Seoho Blade Drive Program_110721_choi/include/Seoho include" -i"C:/Seoho Blade Drive Program_110721_choi/include/TI include" -d"_DEBUG" -d"LARGE_MODEL" -ml -v28 --float_support=fpu32 -@"../../Debug.lkf" "Core_RealSys_2833x.c"

[Core_Speed_Detection.c] "C:\CCStudio_v3.3\C2000\cgtools\bin\cl2000" -gt -pdsw225 -fr"C:/Seoho Blade Drive Program_110721_choi/Debug" -i"C:/Seoho Blade Drive Program_110721_choi/lib" -i"C:/Seoho Blade Drive Program_110721_choi/include/Seoho include" -i"C:/Seoho Blade Drive Program_110721_choi/include/TI include" -d"_DEBUG" -d"LARGE_MODEL" -ml -v28 --float_support=fpu32 -@"../../Debug.lkf" "Core_Speed_Detection.c"
"Core_Speed_Detection.c", line 279: warning: variable "Max_step" was declared but never referenced
"Core_Speed_Detection.c", line 279: warning: variable "Max_index" was declared but never referenced
"Core_Speed_Detection.c", line 280: warning: variable "Min_step" was declared but never referenced
"Core_Speed_Detection.c", line 280: warning: variable "Min_index" was declared but never referenced

[Core_Vector_Control.c] "C:\CCStudio_v3.3\C2000\cgtools\bin\cl2000" -gt -pdsw225 -fr"C:/Seoho Blade Drive Program_110721_choi/Debug" -i"C:/Seoho Blade Drive Program_110721_choi/lib" -i"C:/Seoho Blade Drive Program_110721_choi/include/Seoho include" -i"C:/Seoho Blade Drive Program_110721_choi/include/TI include" -d"_DEBUG" -d"LARGE_MODEL" -ml -v28 --float_support=fpu32 -@"../../Debug.lkf" "Core_Vector_Control.c"

[crc.c] "C:\CCStudio_v3.3\C2000\cgtools\bin\cl2000" -gt -pdsw225 -fr"C:/Seoho Blade Drive Program_110721_choi/Debug" -i"C:/Seoho Blade Drive Program_110721_choi/lib" -i"C:/Seoho Blade Drive Program_110721_choi/include/Seoho include" -i"C:/Seoho Blade Drive Program_110721_choi/include/TI include" -d"_DEBUG" -d"LARGE_MODEL" -ml -v28 --float_support=fpu32 -@"../../Debug.lkf" "crc.c"

[mb.c] "C:\CCStudio_v3.3\C2000\cgtools\bin\cl2000" -gt -pdsw225 -fr"C:/Seoho Blade Drive Program_110721_choi/Debug" -i"C:/Seoho Blade Drive Program_110721_choi/lib" -i"C:/Seoho Blade Drive Program_110721_choi/include/Seoho include" -i"C:/Seoho Blade Drive Program_110721_choi/include/TI include" -d"_DEBUG" -d"LARGE_MODEL" -ml -v28 --float_support=fpu32 -@"../../Debug.lkf" "mb.c"

[Shell_ABS_Encoder.c] "C:\CCStudio_v3.3\C2000\cgtools\bin\cl2000" -gt -pdsw225 -fr"C:/Seoho Blade Drive Program_110721_choi/Debug" -i"C:/Seoho Blade Drive Program_110721_choi/lib" -i"C:/Seoho Blade Drive Program_110721_choi/include/Seoho include" -i"C:/Seoho Blade Drive Program_110721_choi/include/TI include" -d"_DEBUG" -d"LARGE_MODEL" -ml -v28 --float_support=fpu32 -@"../../Debug.lkf" "Shell_ABS_Encoder.c"

[Shell_Communication.c] "C:\CCStudio_v3.3\C2000\cgtools\bin\cl2000" -gt -pdsw225 -fr"C:/Seoho Blade Drive Program_110721_choi/Debug" -i"C:/Seoho Blade Drive Program_110721_choi/lib" -i"C:/Seoho Blade Drive Program_110721_choi/include/Seoho include" -i"C:/Seoho Blade Drive Program_110721_choi/include/TI include" -d"_DEBUG" -d"LARGE_MODEL" -ml -v28 --float_support=fpu32 -@"../../Debug.lkf" "Shell_Communication.c"

[Shell_Communication_SCI.c] "C:\CCStudio_v3.3\C2000\cgtools\bin\cl2000" -gt -pdsw225 -fr"C:/Seoho Blade Drive Program_110721_choi/Debug" -i"C:/Seoho Blade Drive Program_110721_choi/lib" -i"C:/Seoho Blade Drive Program_110721_choi/include/Seoho include" -i"C:/Seoho Blade Drive Program_110721_choi/include/TI include" -d"_DEBUG" -d"LARGE_MODEL" -ml -v28 --float_support=fpu32 -@"../../Debug.lkf" "Shell_Communication_SCI.c"

[Shell_Fault_Processing.c] "C:\CCStudio_v3.3\C2000\cgtools\bin\cl2000" -gt -pdsw225 -fr"C:/Seoho Blade Drive Program_110721_choi/Debug" -i"C:/Seoho Blade Drive Program_110721_choi/lib" -i"C:/Seoho Blade Drive Program_110721_choi/include/Seoho include" -i"C:/Seoho Blade Drive Program_110721_choi/include/TI include" -d"_DEBUG" -d"LARGE_MODEL" -ml -v28 --float_support=fpu32 -@"../../Debug.lkf" "Shell_Fault_Processing.c"

[Shell_IO.c] "C:\CCStudio_v3.3\C2000\cgtools\bin\cl2000" -gt -pdsw225 -fr"C:/Seoho Blade Drive Program_110721_choi/Debug" -i"C:/Seoho Blade Drive Program_110721_choi/lib" -i"C:/Seoho Blade Drive Program_110721_choi/include/Seoho include" -i"C:/Seoho Blade Drive Program_110721_choi/include/TI include" -d"_DEBUG" -d"LARGE_MODEL" -ml -v28 --float_support=fpu32 -@"../../Debug.lkf" "Shell_IO.c"

[Shell_Reference_Function.c] "C:\CCStudio_v3.3\C2000\cgtools\bin\cl2000" -gt -pdsw225 -fr"C:/Seoho Blade Drive Program_110721_choi/Debug" -i"C:/Seoho Blade Drive Program_110721_choi/lib" -i"C:/Seoho Blade Drive Program_110721_choi/include/Seoho include" -i"C:/Seoho Blade Drive Program_110721_choi/include/TI include" -d"_DEBUG" -d"LARGE_MODEL" -ml -v28 --float_support=fpu32 -@"../../Debug.lkf" "Shell_Reference_Function.c"

[Shell_State_Management.c] "C:\CCStudio_v3.3\C2000\cgtools\bin\cl2000" -gt -pdsw225 -fr"C:/Seoho Blade Drive Program_110721_choi/Debug" -i"C:/Seoho Blade Drive Program_110721_choi/lib" -i"C:/Seoho Blade Drive Program_110721_choi/include/Seoho include" -i"C:/Seoho Blade Drive Program_110721_choi/include/TI include" -d"_DEBUG" -d"LARGE_MODEL" -ml -v28 --float_support=fpu32 -@"../../Debug.lkf" "Shell_State_Management.c"

[CH_f280xpwm.c] "C:\CCStudio_v3.3\C2000\cgtools\bin\cl2000" -gt -pdsw225 -fr"C:/Seoho Blade Drive Program_110721_choi/Debug" -i"C:/Seoho Blade Drive Program_110721_choi/lib" -i"C:/Seoho Blade Drive Program_110721_choi/include/Seoho include" -i"C:/Seoho Blade Drive Program_110721_choi/include/TI include" -d"_DEBUG" -d"LARGE_MODEL" -ml -v28 --float_support=fpu32 -@"../../Debug.lkf" "CH_f280xpwm.c"

[CH_svgen_dq.c] "C:\CCStudio_v3.3\C2000\cgtools\bin\cl2000" -gt -pdsw225 -fr"C:/Seoho Blade Drive Program_110721_choi/Debug" -i"C:/Seoho Blade Drive Program_110721_choi/lib" -i"C:/Seoho Blade Drive Program_110721_choi/include/Seoho include" -i"C:/Seoho Blade Drive Program_110721_choi/include/TI include" -d"_DEBUG" -d"LARGE_MODEL" -ml -v28 --float_support=fpu32 -@"../../Debug.lkf" "CH_svgen_dq.c"

[Core_DSP2833x_ADC_cal.asm] "C:\CCStudio_v3.3\C2000\cgtools\bin\cl2000" -gt -pdsw225 -fr"C:/Seoho Blade Drive Program_110721_choi/Debug" -i"C:/Seoho Blade Drive Program_110721_choi/lib" -i"C:/Seoho Blade Drive Program_110721_choi/include/Seoho include" -i"C:/Seoho Blade Drive Program_110721_choi/include/TI include" -d"_DEBUG" -d"LARGE_MODEL" -ml -v28 --float_support=fpu32 -@"../../Debug.lkf" "Core_DSP2833x_ADC_cal.asm"

[Core_DSP2833x_CodeStartBranch.asm] "C:\CCStudio_v3.3\C2000\cgtools\bin\cl2000" -gt -pdsw225 -fr"C:/Seoho Blade Drive Program_110721_choi/Debug" -i"C:/Seoho Blade Drive Program_110721_choi/lib" -i"C:/Seoho Blade Drive Program_110721_choi/include/Seoho include" -i"C:/Seoho Blade Drive Program_110721_choi/include/TI include" -d"_DEBUG" -d"LARGE_MODEL" -ml -v28 --float_support=fpu32 -@"../../Debug.lkf" "Core_DSP2833x_CodeStartBranch.asm"

[Core_DSP2833x_CpuTimers.c] "C:\CCStudio_v3.3\C2000\cgtools\bin\cl2000" -gt -pdsw225 -fr"C:/Seoho Blade Drive Program_110721_choi/Debug" -i"C:/Seoho Blade Drive Program_110721_choi/lib" -i"C:/Seoho Blade Drive Program_110721_choi/include/Seoho include" -i"C:/Seoho Blade Drive Program_110721_choi/include/TI include" -d"_DEBUG" -d"LARGE_MODEL" -ml -v28 --float_support=fpu32 -@"../../Debug.lkf" "Core_DSP2833x_CpuTimers.c"

[Core_DSP2833x_DefaultIsr.c] "C:\CCStudio_v3.3\C2000\cgtools\bin\cl2000" -gt -pdsw225 -fr"C:/Seoho Blade Drive Program_110721_choi/Debug" -i"C:/Seoho Blade Drive Program_110721_choi/lib" -i"C:/Seoho Blade Drive Program_110721_choi/include/Seoho include" -i"C:/Seoho Blade Drive Program_110721_choi/include/TI include" -d"_DEBUG" -d"LARGE_MODEL" -ml -v28 --float_support=fpu32 -@"../../Debug.lkf" "Core_DSP2833x_DefaultIsr.c"

[Core_DSP2833x_GlobalVariableDefs.c] "C:\CCStudio_v3.3\C2000\cgtools\bin\cl2000" -gt -pdsw225 -fr"C:/Seoho Blade Drive Program_110721_choi/Debug" -i"C:/Seoho Blade Drive Program_110721_choi/lib" -i"C:/Seoho Blade Drive Program_110721_choi/include/Seoho include" -i"C:/Seoho Blade Drive Program_110721_choi/include/TI include" -d"_DEBUG" -d"LARGE_MODEL" -ml -v28 --float_support=fpu32 -@"../../Debug.lkf" "Core_DSP2833x_GlobalVariableDefs.c"

[Core_DSP2833x_MemCopy.c] "C:\CCStudio_v3.3\C2000\cgtools\bin\cl2000" -gt -pdsw225 -fr"C:/Seoho Blade Drive Program_110721_choi/Debug" -i"C:/Seoho Blade Drive Program_110721_choi/lib" -i"C:/Seoho Blade Drive Program_110721_choi/include/Seoho include" -i"C:/Seoho Blade Drive Program_110721_choi/include/TI include" -d"_DEBUG" -d"LARGE_MODEL" -ml -v28 --float_support=fpu32 -@"../../Debug.lkf" "Core_DSP2833x_MemCopy.c"

[Core_DSP2833x_PieCtrl.c] "C:\CCStudio_v3.3\C2000\cgtools\bin\cl2000" -gt -pdsw225 -fr"C:/Seoho Blade Drive Program_110721_choi/Debug" -i"C:/Seoho Blade Drive Program_110721_choi/lib" -i"C:/Seoho Blade Drive Program_110721_choi/include/Seoho include" -i"C:/Seoho Blade Drive Program_110721_choi/include/TI include" -d"_DEBUG" -d"LARGE_MODEL" -ml -v28 --float_support=fpu32 -@"../../Debug.lkf" "Core_DSP2833x_PieCtrl.c"

[Core_DSP2833x_PieVect.c] "C:\CCStudio_v3.3\C2000\cgtools\bin\cl2000" -gt -pdsw225 -fr"C:/Seoho Blade Drive Program_110721_choi/Debug" -i"C:/Seoho Blade Drive Program_110721_choi/lib" -i"C:/Seoho Blade Drive Program_110721_choi/include/Seoho include" -i"C:/Seoho Blade Drive Program_110721_choi/include/TI include" -d"_DEBUG" -d"LARGE_MODEL" -ml -v28 --float_support=fpu32 -@"../../Debug.lkf" "Core_DSP2833x_PieVect.c"

[Core_DSP2833x_SysCtrl.c] "C:\CCStudio_v3.3\C2000\cgtools\bin\cl2000" -gt -pdsw225 -fr"C:/Seoho Blade Drive Program_110721_choi/Debug" -i"C:/Seoho Blade Drive Program_110721_choi/lib" -i"C:/Seoho Blade Drive Program_110721_choi/include/Seoho include" -i"C:/Seoho Blade Drive Program_110721_choi/include/TI include" -d"_DEBUG" -d"LARGE_MODEL" -ml -v28 --float_support=fpu32 -@"../../Debug.lkf" "Core_DSP2833x_SysCtrl.c"

[Core_DSP2833x_usDelay.asm] "C:\CCStudio_v3.3\C2000\cgtools\bin\cl2000" -gt -pdsw225 -fr"C:/Seoho Blade Drive Program_110721_choi/Debug" -i"C:/Seoho Blade Drive Program_110721_choi/lib" -i"C:/Seoho Blade Drive Program_110721_choi/include/Seoho include" -i"C:/Seoho Blade Drive Program_110721_choi/include/TI include" -d"_DEBUG" -d"LARGE_MODEL" -ml -v28 --float_support=fpu32 -@"../../Debug.lkf" "Core_DSP2833x_usDelay.asm"

[Shell_DSP2833x_Mcbsp.c] "C:\CCStudio_v3.3\C2000\cgtools\bin\cl2000" -gt -pdsw225 -fr"C:/Seoho Blade Drive Program_110721_choi/Debug" -i"C:/Seoho Blade Drive Program_110721_choi/lib" -i"C:/Seoho Blade Drive Program_110721_choi/include/Seoho include" -i"C:/Seoho Blade Drive Program_110721_choi/include/TI include" -d"_DEBUG" -d"LARGE_MODEL" -ml -v28 --float_support=fpu32 -@"../../Debug.lkf" "Shell_DSP2833x_Mcbsp.c"

[Linking...] "C:\CCStudio_v3.3\C2000\cgtools\bin\cl2000" -@"Debug.lkf"
<Linking>

Build Complete,
  0 Errors, 16 Warnings, 0 Remarks.
